<?xml version="1.0" encoding="UTF-8"?>
<!-- Generated by org.testng.reporters.JUnitReportReporter -->
<testsuite hostname="DESKTOP-OVJAMBV" failures="0" tests="1" name="testNG.TNG_002" time="12.742" errors="0" timestamp="06 Jun 2022 02:26:15 GMT" skipped="0">
  <testcase classname="testNG.TNG_002" name="amazon" time="12.742"/>
</testsuite> <!-- testNG.TNG_002 -->
