<?xml version="1.0" encoding="UTF-8"?>
<!-- Generated by org.testng.reporters.JUnitReportReporter -->
<testsuite hostname="DESKTOP-OVJAMBV" failures="0" tests="1" name="testNG.TNG_002" time="17.461" errors="0" timestamp="2022-06-02T04:09:03 BST" skipped="0">
  <testcase classname="testNG.TNG_002" name="amazon" time="17.461"/>
  <system-out/>
</testsuite> <!-- testNG.TNG_002 -->
