<?xml version="1.0" encoding="UTF-8"?>
<!-- Generated by org.testng.reporters.JUnitReportReporter -->
<testsuite hostname="DESKTOP-OVJAMBV" failures="0" tests="1" name="testNG.TNG_002" time="8.059" errors="0" timestamp="25 May 2022 11:52:20 GMT" skipped="0">
  <testcase classname="testNG.TNG_002" name="amazon" time="8.059"/>
</testsuite> <!-- testNG.TNG_002 -->
