<?xml version="1.0" encoding="UTF-8"?>
<!-- Generated by org.testng.reporters.JUnitReportReporter -->
<testsuite hostname="DESKTOP-OVJAMBV" failures="0" tests="1" name="com.testng.practice.CheckBox1" time="8.324" errors="0" timestamp="23 May 2022 13:44:17 GMT" skipped="0">
  <testcase classname="com.testng.practice.CheckBox1" name="checkboxtest" time="8.324"/>
</testsuite> <!-- com.testng.practice.CheckBox1 -->
