<?xml version="1.0" encoding="UTF-8"?>
<!-- Generated by org.testng.reporters.JUnitReportReporter -->
<testsuite hostname="DESKTOP-OVJAMBV" failures="0" tests="3" name="testNG.TestsParallel" time="0.095" errors="0" timestamp="24 May 2022 14:35:38 GMT" skipped="0">
  <testcase classname="testNG.TestsParallel" name="test1" time="0.019"/>
  <testcase classname="testNG.TestsParallel" name="test3" time="0.037"/>
  <testcase classname="testNG.TestsParallel" name="test2" time="0.039"/>
</testsuite> <!-- testNG.TestsParallel -->
