<?xml version="1.0" encoding="UTF-8"?>
<!-- Generated by org.testng.reporters.JUnitReportReporter -->
<testsuite hostname="DESKTOP-OVJAMBV" failures="0" tests="1" name="testNGPractice.TNG_002" time="8.192" errors="0" timestamp="23 May 2022 12:48:48 GMT" skipped="0">
  <testcase classname="testNGPractice.TNG_002" name="testmethod" time="8.192"/>
</testsuite> <!-- testNGPractice.TNG_002 -->
