<?xml version="1.0" encoding="UTF-8"?>
<!-- Generated by org.testng.reporters.JUnitReportReporter -->
<testsuite hostname="DESKTOP-OVJAMBV" failures="0" tests="4" name="com.testng.TestNgClass" time="0.052" errors="0" timestamp="10 May 2022 17:46:06 GMT" skipped="0">
  <testcase classname="com.testng.TestNgClass" name="openBrowser" time="0.010"/>
  <testcase classname="com.testng.TestNgClass" name="closeBrowser" time="0.029"/>
  <testcase classname="com.testng.TestNgClass" name="getUserName" time="0.009"/>
  <testcase classname="com.testng.TestNgClass" name="getPassword" time="0.004"/>
</testsuite> <!-- com.testng.TestNgClass -->
