<?xml version="1.0" encoding="UTF-8"?>
<!-- Generated by org.testng.reporters.JUnitReportReporter -->
<testsuite hostname="DESKTOP-OVJAMBV" failures="0" tests="1" name="suiteB.TestB2" time="2.015" errors="0" timestamp="24 May 2022 14:01:50 GMT" skipped="0">
  <testcase classname="suiteB.TestB2" name="testB2" time="2.015"/>
</testsuite> <!-- suiteB.TestB2 -->
