<?xml version="1.0" encoding="UTF-8"?>
<!-- Generated by org.testng.reporters.JUnitReportReporter -->
<testsuite hostname="DESKTOP-OVJAMBV" failures="0" tests="1" name="testNG.LinkTesting1" time="10.003" errors="0" timestamp="25 May 2022 11:52:20 GMT" skipped="0">
  <testcase classname="testNG.LinkTesting1" name="linkTesting1" time="10.003"/>
</testsuite> <!-- testNG.LinkTesting1 -->
