<?xml version="1.0" encoding="UTF-8"?>
<!-- Generated by org.testng.reporters.JUnitReportReporter -->
<testsuite hostname="DESKTOP-OVJAMBV" failures="0" tests="1" name="suiteA.TestA3" time="2.003" errors="0" timestamp="24 May 2022 14:01:50 GMT" skipped="0">
  <testcase classname="suiteA.TestA3" name="testA3" time="2.003"/>
</testsuite> <!-- suiteA.TestA3 -->
