<?xml version="1.0" encoding="UTF-8"?>
<!-- Generated by org.testng.reporters.JUnitReportReporter -->
<testsuite hostname="DESKTOP-OVJAMBV" failures="0" tests="3" name="testNGPractice.TNG_001" time="0.014" errors="0" timestamp="18 May 2022 10:28:37 GMT" skipped="1">
  <testcase classname="testNGPractice.TNG_001" name="z" time="0.007"/>
  <testcase classname="testNGPractice.TNG_001" name="a" time="0.007"/>
  <testcase classname="testNGPractice.TNG_001" name="f">
    <skipped/>
  </testcase> <!-- f -->
</testsuite> <!-- testNGPractice.TNG_001 -->
