<?xml version="1.0" encoding="UTF-8"?>
<!-- Generated by org.testng.reporters.JUnitReportReporter -->
<testsuite hostname="DESKTOP-OVJAMBV" failures="0" tests="3" name="testNG.TNG_001" time="0.014" errors="0" timestamp="19 May 2022 23:49:21 GMT" skipped="1">
  <testcase classname="testNG.TNG_001" name="f" time="0.002"/>
  <testcase classname="testNG.TNG_001" name="z" time="0.012"/>
  <testcase classname="testNG.TNG_001" name="a">
    <skipped/>
  </testcase> <!-- a -->
</testsuite> <!-- testNG.TNG_001 -->
