<?xml version="1.0" encoding="UTF-8"?>
<!-- Generated by org.testng.reporters.JUnitReportReporter -->
<testsuite hostname="DESKTOP-OVJAMBV" failures="0" tests="1" name="suiteB.TestB3" time="2.005" errors="0" timestamp="24 May 2022 14:01:50 GMT" skipped="0">
  <testcase classname="suiteB.TestB3" name="testB3" time="2.005"/>
</testsuite> <!-- suiteB.TestB3 -->
