<?xml version="1.0" encoding="UTF-8"?>
<!-- Generated by org.testng.reporters.JUnitReportReporter -->
<testsuite hostname="DESKTOP-OVJAMBV" failures="0" tests="1" name="com.testng.BasicAutomation" time="5.348" errors="0" timestamp="13 May 2022 12:00:05 GMT" skipped="0">
  <testcase classname="com.testng.BasicAutomation" name="baseLogin" time="5.348"/>
</testsuite> <!-- com.testng.BasicAutomation -->
