<?xml version="1.0" encoding="UTF-8"?>
<!-- Generated by org.testng.reporters.JUnitReportReporter -->
<testsuite hostname="DESKTOP-OVJAMBV" failures="0" tests="1" name="com.testng.practice.RadioButton1" time="8.811" errors="0" timestamp="23 May 2022 13:44:17 GMT" skipped="0">
  <testcase classname="com.testng.practice.RadioButton1" name="radioButtonTest" time="8.811"/>
</testsuite> <!-- com.testng.practice.RadioButton1 -->
