<?xml version="1.0" encoding="UTF-8"?>
<!-- Generated by org.testng.reporters.JUnitReportReporter -->
<testsuite hostname="DESKTOP-OVJAMBV" failures="0" tests="1" name="testNGPractice.NewTest" time="0.028" errors="0" timestamp="16 May 2022 17:28:11 GMT" skipped="0">
  <testcase classname="testNGPractice.NewTest" name="f" time="0.028"/>
</testsuite> <!-- testNGPractice.NewTest -->
