<?xml version="1.0" encoding="UTF-8"?>
<!-- Generated by org.testng.reporters.JUnitReportReporter -->
<testsuite hostname="DESKTOP-OVJAMBV" failures="0" tests="1" name="com.testng.practice.TNG_002" time="8.549" errors="0" timestamp="23 May 2022 13:44:17 GMT" skipped="0">
  <testcase classname="com.testng.practice.TNG_002" name="amazon" time="8.549"/>
</testsuite> <!-- com.testng.practice.TNG_002 -->
