<?xml version="1.0" encoding="UTF-8"?>
<!-- Generated by org.testng.reporters.JUnitReportReporter -->
<testsuite hostname="DESKTOP-OVJAMBV" failures="0" tests="1" name="testNG.NewTest" time="0.024" errors="0" timestamp="16 May 2022 11:24:59 GMT" skipped="0">
  <testcase classname="testNG.NewTest" name="f" time="0.024"/>
</testsuite> <!-- testNG.NewTest -->
