<?xml version="1.0" encoding="UTF-8"?>
<!-- Generated by org.testng.reporters.JUnitReportReporter -->
<testsuite hostname="DESKTOP-OVJAMBV" failures="0" tests="1" name="testNG.RadioButton1" time="4.964" errors="0" timestamp="25 May 2022 11:42:17 GMT" skipped="0">
  <testcase classname="testNG.RadioButton1" name="radioButtonTest" time="4.964"/>
</testsuite> <!-- testNG.RadioButton1 -->
